<?xml version="1.0" encoding="UTF-8"?>
<testng-results ignored="0" total="2" passed="2" failed="0" skipped="0">
  <reporter-output>
    <line>
      <![CDATA[Setting up reports and Test Started]]>
    </line>
    <line>
      <![CDATA[Before Suite data has been approved]]>
    </line>
    <line>
      <![CDATA[Browser data is started]]>
    </line>
    <line>
      <![CDATA[Browser data loading has been completed]]>
    </line>
    <line>
      <![CDATA[Report is starting]]>
    </line>
    <line>
      <![CDATA[Extent report has been completed ]]>
    </line>
    <line>
      <![CDATA[Report is starting]]>
    </line>
    <line>
      <![CDATA[Extent report has been completed ]]>
    </line>
  </reporter-output>
  <suite started-at="2020-04-22T11:30:31Z" name="Default suite" finished-at="2020-04-22T11:30:46Z" duration-ms="15132">
    <groups>
    </groups>
    <test started-at="2020-04-22T11:30:31Z" name="Default test" finished-at="2020-04-22T11:30:46Z" duration-ms="15132">
      <class name="com.learnautomation.testcases.LoginTestCRM">
        <test-method is-config="true" signature="setUpSuite()[pri:0, instance:com.learnautomation.testcases.LoginTestCRM@5f0fd5a0]" started-at="2020-04-22T17:15:30Z" name="setUpSuite" finished-at="2020-04-22T17:15:31Z" duration-ms="1018" status="PASS">
          <reporter-output>
            <line>
              <![CDATA[Setting up reports and Test Started]]>
            </line>
            <line>
              <![CDATA[Before Suite data has been approved]]>
            </line>
          </reporter-output>
        </test-method> <!-- setUpSuite -->
        <test-method is-config="true" signature="setUp()[pri:0, instance:com.learnautomation.testcases.LoginTestCRM@5f0fd5a0]" started-at="2020-04-22T17:15:31Z" name="setUp" finished-at="2020-04-22T17:15:40Z" duration-ms="9186" status="PASS">
          <reporter-output>
            <line>
              <![CDATA[Browser data is started]]>
            </line>
            <line>
              <![CDATA[Browser data loading has been completed]]>
            </line>
          </reporter-output>
        </test-method> <!-- setUp -->
        <test-method signature="loginApp()[pri:1, instance:com.learnautomation.testcases.LoginTestCRM@5f0fd5a0]" started-at="2020-04-22T17:15:40Z" name="loginApp" finished-at="2020-04-22T17:15:44Z" duration-ms="4384" status="PASS">
          <reporter-output>
          </reporter-output>
        </test-method> <!-- loginApp -->
        <test-method is-config="true" signature="tearDownMethod(org.testng.ITestResult)[pri:0, instance:com.learnautomation.testcases.LoginTestCRM@5f0fd5a0]" started-at="2020-04-22T17:15:44Z" name="tearDownMethod" finished-at="2020-04-22T17:15:45Z" duration-ms="775" status="PASS">
          <params>
            <param index="0">
              <value>
                <![CDATA[[TestResult name=loginApp status=SUCCESS method=LoginTestCRM.loginApp()[pri:1, instance:com.learnautomation.testcases.LoginTestCRM@5f0fd5a0] output={null}]]]>
              </value>
            </param>
          </params>
          <reporter-output>
            <line>
              <![CDATA[Report is starting]]>
            </line>
            <line>
              <![CDATA[Extent report has been completed ]]>
            </line>
          </reporter-output>
        </test-method> <!-- tearDownMethod -->
        <test-method signature="loginApp1()[pri:2, instance:com.learnautomation.testcases.LoginTestCRM@5f0fd5a0]" started-at="2020-04-22T17:15:45Z" name="loginApp1" finished-at="2020-04-22T17:15:45Z" duration-ms="3" status="PASS">
          <reporter-output>
          </reporter-output>
        </test-method> <!-- loginApp1 -->
        <test-method is-config="true" signature="tearDownMethod(org.testng.ITestResult)[pri:0, instance:com.learnautomation.testcases.LoginTestCRM@5f0fd5a0]" started-at="2020-04-22T17:15:45Z" name="tearDownMethod" finished-at="2020-04-22T17:15:45Z" duration-ms="532" status="PASS">
          <params>
            <param index="0">
              <value>
                <![CDATA[[TestResult name=loginApp1 status=SUCCESS method=LoginTestCRM.loginApp1()[pri:2, instance:com.learnautomation.testcases.LoginTestCRM@5f0fd5a0] output={null}]]]>
              </value>
            </param>
          </params>
          <reporter-output>
            <line>
              <![CDATA[Report is starting]]>
            </line>
            <line>
              <![CDATA[Extent report has been completed ]]>
            </line>
          </reporter-output>
        </test-method> <!-- tearDownMethod -->
        <test-method is-config="true" signature="closeBroswer()[pri:0, instance:com.learnautomation.testcases.LoginTestCRM@5f0fd5a0]" started-at="2020-04-22T17:15:45Z" name="closeBroswer" finished-at="2020-04-22T17:15:46Z" duration-ms="223" status="PASS">
          <reporter-output>
          </reporter-output>
        </test-method> <!-- closeBroswer -->
      </class> <!-- com.learnautomation.testcases.LoginTestCRM -->
    </test> <!-- Default test -->
  </suite> <!-- Default suite -->
</testng-results>
